Determining if the pthread_create exist failed with the following output:
Change Dir: /home/francesco/ros_ws_handshake/build/CMakeFiles/CMakeTmp

Run Build Command:/usr/bin/make "cmTryCompileExec692445938/fast"
/usr/bin/make -f CMakeFiles/cmTryCompileExec692445938.dir/build.make CMakeFiles/cmTryCompileExec692445938.dir/build
make[1]: Entering directory `/home/francesco/ros_ws_handshake/build/CMakeFiles/CMakeTmp'
/usr/bin/cmake -E cmake_progress_report /home/francesco/ros_ws_handshake/build/CMakeFiles/CMakeTmp/CMakeFiles 1
Building C object CMakeFiles/cmTryCompileExec692445938.dir/CheckSymbolExists.c.o
/usr/bin/cc    -o CMakeFiles/cmTryCompileExec692445938.dir/CheckSymbolExists.c.o   -c /home/francesco/ros_ws_handshake/build/CMakeFiles/CMakeTmp/CheckSymbolExists.c
Linking C executable cmTryCompileExec692445938
/usr/bin/cmake -E cmake_link_script CMakeFiles/cmTryCompileExec692445938.dir/link.txt --verbose=1
/usr/bin/cc       CMakeFiles/cmTryCompileExec692445938.dir/CheckSymbolExists.c.o  -o cmTryCompileExec692445938 -rdynamic 
CMakeFiles/cmTryCompileExec692445938.dir/CheckSymbolExists.c.o: In function `main':
CheckSymbolExists.c:(.text+0x16): undefined reference to `pthread_create'
collect2: error: ld returned 1 exit status
make[1]: *** [cmTryCompileExec692445938] Error 1
make[1]: Leaving directory `/home/francesco/ros_ws_handshake/build/CMakeFiles/CMakeTmp'
make: *** [cmTryCompileExec692445938/fast] Error 2

File /home/francesco/ros_ws_handshake/build/CMakeFiles/CMakeTmp/CheckSymbolExists.c:
/* */
#include <pthread.h>

int main(int argc, char** argv)
{
  (void)argv;
#ifndef pthread_create
  return ((int*)(&pthread_create))[argc];
#else
  (void)argc;
  return 0;
#endif
}

Determining if the function pthread_create exists in the pthreads failed with the following output:
Change Dir: /home/francesco/ros_ws_handshake/build/CMakeFiles/CMakeTmp

Run Build Command:/usr/bin/make "cmTryCompileExec2757221107/fast"
/usr/bin/make -f CMakeFiles/cmTryCompileExec2757221107.dir/build.make CMakeFiles/cmTryCompileExec2757221107.dir/build
make[1]: Entering directory `/home/francesco/ros_ws_handshake/build/CMakeFiles/CMakeTmp'
/usr/bin/cmake -E cmake_progress_report /home/francesco/ros_ws_handshake/build/CMakeFiles/CMakeTmp/CMakeFiles 1
Building C object CMakeFiles/cmTryCompileExec2757221107.dir/CheckFunctionExists.c.o
/usr/bin/cc   -DCHECK_FUNCTION_EXISTS=pthread_create   -o CMakeFiles/cmTryCompileExec2757221107.dir/CheckFunctionExists.c.o   -c /usr/share/cmake-2.8/Modules/CheckFunctionExists.c
Linking C executable cmTryCompileExec2757221107
/usr/bin/cmake -E cmake_link_script CMakeFiles/cmTryCompileExec2757221107.dir/link.txt --verbose=1
/usr/bin/cc   -DCHECK_FUNCTION_EXISTS=pthread_create    CMakeFiles/cmTryCompileExec2757221107.dir/CheckFunctionExists.c.o  -o cmTryCompileExec2757221107 -rdynamic -lpthreads 
/usr/bin/ld: cannot find -lpthreads
collect2: error: ld returned 1 exit status
make[1]: Leaving directory `/home/francesco/ros_ws_handshake/build/CMakeFiles/CMakeTmp'
make[1]: *** [cmTryCompileExec2757221107] Error 1
make: *** [cmTryCompileExec2757221107/fast] Error 2


